<?xml version="1.0" encoding="UTF-8"?>
<!-- Generated by org.testng.reporters.JUnitReportReporter -->
<testsuite hostname="SESHU" failures="0" tests="2" name="com.selenium.testcases.TC_001_LoginTest" time="21.706" errors="0" timestamp="2024-03-22T19:28:26 IST" skipped="0">
  <testcase classname="com.selenium.testcases.TC_001_LoginTest" name="login" time="11.298">
    <system-out>
      <![CDATA[***TC_001_Login ***
***created homepageobject ***
***EnterEmailAddress ***
**EnterPassword ***
*** ClickedOnLoginButton ***]]>
    </system-out>
  </testcase> <!-- login -->
  <testcase classname="com.selenium.testcases.TC_001_LoginTest" name="login" time="10.408">
    <system-out>
      <![CDATA[***TC_001_Login ***
***created homepageobject ***
***EnterEmailAddress ***
**EnterPassword ***
*** ClickedOnLoginButton ***]]>
    </system-out>
  </testcase> <!-- login -->
  <system-out>
    <![CDATA[***TC_001_Login ***
***created homepageobject ***
***EnterEmailAddress ***
**EnterPassword ***
*** ClickedOnLoginButton ***
***TC_001_Login ***
***created homepageobject ***
***EnterEmailAddress ***
**EnterPassword ***
*** ClickedOnLoginButton ***]]>
  </system-out>
</testsuite> <!-- com.selenium.testcases.TC_001_LoginTest -->
