<?xml version="1.0" encoding="UTF-8"?>
<!-- Generated by org.testng.reporters.JUnitReportReporter -->
<testsuite hostname="SESHU" failures="0" tests="5" name="com.selenium.testcases.TC_002_LoginDTTTest" time="21.476" errors="0" timestamp="2024-03-22T17:11:55 IST" skipped="0">
  <testcase classname="com.selenium.testcases.TC_002_LoginDTTTest" name="login_DTT" time="3.984">
    <system-out>
      <![CDATA[***TC_001_LoginDTT ***
***created homepageobject ***
***EnterEmailAddress ***
**EnterPassword ***
*** ClickedOnLoginButton ***
***Accepting the alret message***
***ClearEmailInput***
*** ClearPasswordInput ***]]>
    </system-out>
  </testcase> <!-- login_DTT -->
  <testcase classname="com.selenium.testcases.TC_002_LoginDTTTest" name="login_DTT" time="5.824">
    <system-out>
      <![CDATA[***TC_001_LoginDTT ***
***created homepageobject ***
***EnterEmailAddress ***
**EnterPassword ***
*** ClickedOnLoginButton ***
***Accepting the alret message***
***ClearEmailInput***
*** ClearPasswordInput ***]]>
    </system-out>
  </testcase> <!-- login_DTT -->
  <testcase classname="com.selenium.testcases.TC_002_LoginDTTTest" name="login_DTT" time="3.838">
    <system-out>
      <![CDATA[***TC_001_LoginDTT ***
***created homepageobject ***
***EnterEmailAddress ***
**EnterPassword ***
*** ClickedOnLoginButton ***
***Accepting the alret message***
***ClearEmailInput***
*** ClearPasswordInput ***]]>
    </system-out>
  </testcase> <!-- login_DTT -->
  <testcase classname="com.selenium.testcases.TC_002_LoginDTTTest" name="login_DTT" time="3.597">
    <system-out>
      <![CDATA[***TC_001_LoginDTT ***
***created homepageobject ***
***EnterEmailAddress ***
**EnterPassword ***
*** ClickedOnLoginButton ***
***Accepting the alret message***
***ClearEmailInput***
*** ClearPasswordInput ***]]>
    </system-out>
  </testcase> <!-- login_DTT -->
  <testcase classname="com.selenium.testcases.TC_002_LoginDTTTest" name="login_DTT" time="4.233">
    <system-out>
      <![CDATA[***TC_001_LoginDTT ***
***created homepageobject ***
***EnterEmailAddress ***
**EnterPassword ***
*** ClickedOnLoginButton ***]]>
    </system-out>
  </testcase> <!-- login_DTT -->
  <system-out>
    <![CDATA[***TC_001_LoginDTT ***
***created homepageobject ***
***EnterEmailAddress ***
**EnterPassword ***
*** ClickedOnLoginButton ***
***Accepting the alret message***
***ClearEmailInput***
*** ClearPasswordInput ***
***TC_001_LoginDTT ***
***created homepageobject ***
***EnterEmailAddress ***
**EnterPassword ***
*** ClickedOnLoginButton ***
***Accepting the alret message***
***ClearEmailInput***
*** ClearPasswordInput ***
***TC_001_LoginDTT ***
***created homepageobject ***
***EnterEmailAddress ***
**EnterPassword ***
*** ClickedOnLoginButton ***
***Accepting the alret message***
***ClearEmailInput***
*** ClearPasswordInput ***
***TC_001_LoginDTT ***
***created homepageobject ***
***EnterEmailAddress ***
**EnterPassword ***
*** ClickedOnLoginButton ***
***Accepting the alret message***
***ClearEmailInput***
*** ClearPasswordInput ***
***TC_001_LoginDTT ***
***created homepageobject ***
***EnterEmailAddress ***
**EnterPassword ***
*** ClickedOnLoginButton ***]]>
  </system-out>
</testsuite> <!-- com.selenium.testcases.TC_002_LoginDTTTest -->
