<?xml version="1.0" encoding="UTF-8"?>
<!-- Generated by org.testng.reporters.JUnitReportReporter -->
<testsuite hostname="SESHU" failures="0" tests="2" name="com.selenium.testcases.TC_001_LoginTest" time="16.275" errors="0" timestamp="2024-04-25T14:48:33 IST" skipped="0">
  <testcase classname="com.selenium.testcases.TC_001_LoginTest" name="login" time="6.928">
    <system-out>
      <![CDATA[***TC_001_Login ***
***created homepageobject ***
***EnterEmailAddress ***
**EnterPassword ***
*** ClickedOnLoginButton ***]]>
    </system-out>
  </testcase> <!-- login -->
  <testcase classname="com.selenium.testcases.TC_001_LoginTest" name="login" time="9.347">
    <system-out>
      <![CDATA[***TC_001_Login ***
***created homepageobject ***
***EnterEmailAddress ***
**EnterPassword ***
*** ClickedOnLoginButton ***]]>
    </system-out>
  </testcase> <!-- login -->
  <system-out>
    <![CDATA[***TC_001_Login ***
***created homepageobject ***
***EnterEmailAddress ***
**EnterPassword ***
*** ClickedOnLoginButton ***
***TC_001_Login ***
***created homepageobject ***
***EnterEmailAddress ***
**EnterPassword ***
*** ClickedOnLoginButton ***]]>
  </system-out>
</testsuite> <!-- com.selenium.testcases.TC_001_LoginTest -->
