<?xml version="1.0" encoding="UTF-8"?>
<!-- Generated by org.testng.reporters.JUnitReportReporter -->
<testsuite hostname="DESKTOP-4QRLMTN" failures="0" tests="1" name="com.selenium.testcases.TC_001_Login" time="1.747" errors="0" timestamp="2023-08-04T21:02:52 IST" skipped="0">
  <testcase classname="com.selenium.testcases.TC_001_Login" name="login" time="1.747">
    <system-out>
      <![CDATA[***TC_001_Login ***
***created homepageobject ***
***EnterEmailAddress ***
**EnterPassword ***
*** ClickedOnLoginButton ***]]>
    </system-out>
  </testcase> <!-- login -->
  <system-out>
    <![CDATA[***TC_001_Login ***
***created homepageobject ***
***EnterEmailAddress ***
**EnterPassword ***
*** ClickedOnLoginButton ***]]>
  </system-out>
</testsuite> <!-- com.selenium.testcases.TC_001_Login -->
