<?xml version="1.0" encoding="UTF-8"?>
<!-- Generated by org.testng.reporters.JUnitReportReporter -->
<testsuite hostname="SESHUBABU" name="com.selenium.testcases.TC_001_Login" tests="1" failures="0" timestamp="12 Jul 2023 09:04:14 GMT" time="2.089" errors="0">
  <testcase name="login" time="2.089" classname="com.selenium.testcases.TC_001_Login"/>
</testsuite> <!-- com.selenium.testcases.TC_001_Login -->
