<?xml version="1.0" encoding="UTF-8"?>
<!-- Generated by org.testng.reporters.JUnitReportReporter -->
<testsuite hostname="DESKTOP-M5HP58L" failures="0" tests="2" name="com.selenium.testcases.TC_001_LoginTest" time="12.162" errors="0" timestamp="2024-02-05T08:05:15 IST" skipped="0">
  <testcase classname="com.selenium.testcases.TC_001_LoginTest" name="login" time="5.217">
    <system-out>
      <![CDATA[***TC_001_Login ***
***created homepageobject ***
***EnterEmailAddress ***
**EnterPassword ***
*** ClickedOnLoginButton ***]]>
    </system-out>
  </testcase> <!-- login -->
  <testcase classname="com.selenium.testcases.TC_001_LoginTest" name="login" time="6.945">
    <system-out>
      <![CDATA[***TC_001_Login ***
***created homepageobject ***
***EnterEmailAddress ***
**EnterPassword ***
*** ClickedOnLoginButton ***]]>
    </system-out>
  </testcase> <!-- login -->
  <system-out>
    <![CDATA[***TC_001_Login ***
***created homepageobject ***
***EnterEmailAddress ***
**EnterPassword ***
*** ClickedOnLoginButton ***
***TC_001_Login ***
***created homepageobject ***
***EnterEmailAddress ***
**EnterPassword ***
*** ClickedOnLoginButton ***]]>
  </system-out>
</testsuite> <!-- com.selenium.testcases.TC_001_LoginTest -->
