<?xml version="1.0" encoding="UTF-8"?>
<!-- Generated by org.testng.reporters.JUnitReportReporter -->
<testsuite hostname="DESKTOP-4QRLMTN" failures="0" tests="2" name="com.selenium.testcases.TC_001_LoginTest" time="2.952" errors="0" timestamp="2023-12-30T12:09:41 IST" skipped="0">
  <testcase classname="com.selenium.testcases.TC_001_LoginTest" name="login" time="1.447">
    <system-out>
      <![CDATA[***TC_001_Login ***
***created homepageobject ***
***EnterEmailAddress ***
**EnterPassword ***
*** ClickedOnLoginButton ***]]>
    </system-out>
  </testcase> <!-- login -->
  <testcase classname="com.selenium.testcases.TC_001_LoginTest" name="login" time="1.505">
    <system-out>
      <![CDATA[***TC_001_Login ***
***created homepageobject ***
***EnterEmailAddress ***
**EnterPassword ***
*** ClickedOnLoginButton ***]]>
    </system-out>
  </testcase> <!-- login -->
  <system-out>
    <![CDATA[***TC_001_Login ***
***created homepageobject ***
***EnterEmailAddress ***
**EnterPassword ***
*** ClickedOnLoginButton ***
***TC_001_Login ***
***created homepageobject ***
***EnterEmailAddress ***
**EnterPassword ***
*** ClickedOnLoginButton ***]]>
  </system-out>
</testsuite> <!-- com.selenium.testcases.TC_001_LoginTest -->
