<?xml version="1.0" encoding="UTF-8"?>
<!-- Generated by org.testng.reporters.JUnitReportReporter -->
<testsuite hostname="SESHU" failures="0" tests="10" name="com.selenium.testcases.TC_002_LoginDTTTest" time="46.750" errors="0" timestamp="2024-03-23T07:42:55 IST" skipped="0">
  <testcase classname="com.selenium.testcases.TC_002_LoginDTTTest" name="login_DTT" time="5.075">
    <system-out>
      <![CDATA[***TC_001_LoginDTT ***
***created homepageobject ***
***EnterEmailAddress ***
**EnterPassword ***
*** ClickedOnLoginButton ***
***Accepting the alret message***
***ClearEmailInput***
*** ClearPasswordInput ***]]>
    </system-out>
  </testcase> <!-- login_DTT -->
  <testcase classname="com.selenium.testcases.TC_002_LoginDTTTest" name="login_DTT" time="3.854">
    <system-out>
      <![CDATA[***TC_001_LoginDTT ***
***created homepageobject ***
***EnterEmailAddress ***
**EnterPassword ***
*** ClickedOnLoginButton ***
***Accepting the alret message***
***ClearEmailInput***
*** ClearPasswordInput ***]]>
    </system-out>
  </testcase> <!-- login_DTT -->
  <testcase classname="com.selenium.testcases.TC_002_LoginDTTTest" name="login_DTT" time="5.081">
    <system-out>
      <![CDATA[***TC_001_LoginDTT ***
***created homepageobject ***
***EnterEmailAddress ***
**EnterPassword ***
*** ClickedOnLoginButton ***
***Accepting the alret message***
***ClearEmailInput***
*** ClearPasswordInput ***]]>
    </system-out>
  </testcase> <!-- login_DTT -->
  <testcase classname="com.selenium.testcases.TC_002_LoginDTTTest" name="login_DTT" time="3.811">
    <system-out>
      <![CDATA[***TC_001_LoginDTT ***
***created homepageobject ***
***EnterEmailAddress ***
**EnterPassword ***
*** ClickedOnLoginButton ***
***Accepting the alret message***
***ClearEmailInput***
*** ClearPasswordInput ***]]>
    </system-out>
  </testcase> <!-- login_DTT -->
  <testcase classname="com.selenium.testcases.TC_002_LoginDTTTest" name="login_DTT" time="5.977">
    <system-out>
      <![CDATA[***TC_001_LoginDTT ***
***created homepageobject ***
***EnterEmailAddress ***
**EnterPassword ***
*** ClickedOnLoginButton ***
***Accepting the alret message***
***ClearEmailInput***
*** ClearPasswordInput ***]]>
    </system-out>
  </testcase> <!-- login_DTT -->
  <testcase classname="com.selenium.testcases.TC_002_LoginDTTTest" name="login_DTT" time="3.450">
    <system-out>
      <![CDATA[***TC_001_LoginDTT ***
***created homepageobject ***
***EnterEmailAddress ***
**EnterPassword ***
*** ClickedOnLoginButton ***
***Accepting the alret message***
***ClearEmailInput***
*** ClearPasswordInput ***]]>
    </system-out>
  </testcase> <!-- login_DTT -->
  <testcase classname="com.selenium.testcases.TC_002_LoginDTTTest" name="login_DTT" time="4.005">
    <system-out>
      <![CDATA[***TC_001_LoginDTT ***
***created homepageobject ***
***EnterEmailAddress ***
**EnterPassword ***
*** ClickedOnLoginButton ***]]>
    </system-out>
  </testcase> <!-- login_DTT -->
  <testcase classname="com.selenium.testcases.TC_002_LoginDTTTest" name="login_DTT" time="6.051">
    <system-out>
      <![CDATA[***TC_001_LoginDTT ***
***created homepageobject ***
***EnterEmailAddress ***
**EnterPassword ***
*** ClickedOnLoginButton ***]]>
    </system-out>
  </testcase> <!-- login_DTT -->
  <testcase classname="com.selenium.testcases.TC_002_LoginDTTTest" name="login_DTT" time="4.363">
    <system-out>
      <![CDATA[***TC_001_LoginDTT ***
***created homepageobject ***
***EnterEmailAddress ***
**EnterPassword ***
*** ClickedOnLoginButton ***
***Accepting the alret message***
***ClearEmailInput***
*** ClearPasswordInput ***]]>
    </system-out>
  </testcase> <!-- login_DTT -->
  <testcase classname="com.selenium.testcases.TC_002_LoginDTTTest" name="login_DTT" time="5.083">
    <system-out>
      <![CDATA[***TC_001_LoginDTT ***
***created homepageobject ***
***EnterEmailAddress ***
**EnterPassword ***
*** ClickedOnLoginButton ***
***Accepting the alret message***
***ClearEmailInput***
*** ClearPasswordInput ***]]>
    </system-out>
  </testcase> <!-- login_DTT -->
  <system-out>
    <![CDATA[***TC_001_LoginDTT ***
***created homepageobject ***
***EnterEmailAddress ***
**EnterPassword ***
*** ClickedOnLoginButton ***
***Accepting the alret message***
***ClearEmailInput***
*** ClearPasswordInput ***
***TC_001_LoginDTT ***
***created homepageobject ***
***EnterEmailAddress ***
**EnterPassword ***
*** ClickedOnLoginButton ***
***Accepting the alret message***
***ClearEmailInput***
*** ClearPasswordInput ***
***TC_001_LoginDTT ***
***created homepageobject ***
***EnterEmailAddress ***
**EnterPassword ***
*** ClickedOnLoginButton ***
***Accepting the alret message***
***ClearEmailInput***
*** ClearPasswordInput ***
***TC_001_LoginDTT ***
***created homepageobject ***
***EnterEmailAddress ***
**EnterPassword ***
*** ClickedOnLoginButton ***
***Accepting the alret message***
***ClearEmailInput***
*** ClearPasswordInput ***
***TC_001_LoginDTT ***
***created homepageobject ***
***EnterEmailAddress ***
**EnterPassword ***
*** ClickedOnLoginButton ***
***TC_001_LoginDTT ***
***created homepageobject ***
***EnterEmailAddress ***
**EnterPassword ***
*** ClickedOnLoginButton ***
***Accepting the alret message***
***ClearEmailInput***
*** ClearPasswordInput ***
***TC_001_LoginDTT ***
***created homepageobject ***
***EnterEmailAddress ***
**EnterPassword ***
*** ClickedOnLoginButton ***
***Accepting the alret message***
***ClearEmailInput***
*** ClearPasswordInput ***
***TC_001_LoginDTT ***
***created homepageobject ***
***EnterEmailAddress ***
**EnterPassword ***
*** ClickedOnLoginButton ***
***Accepting the alret message***
***ClearEmailInput***
*** ClearPasswordInput ***
***TC_001_LoginDTT ***
***created homepageobject ***
***EnterEmailAddress ***
**EnterPassword ***
*** ClickedOnLoginButton ***
***Accepting the alret message***
***ClearEmailInput***
*** ClearPasswordInput ***
***TC_001_LoginDTT ***
***created homepageobject ***
***EnterEmailAddress ***
**EnterPassword ***
*** ClickedOnLoginButton ***]]>
  </system-out>
</testsuite> <!-- com.selenium.testcases.TC_002_LoginDTTTest -->
