<?xml version="1.0" encoding="UTF-8"?>
<!-- Generated by org.testng.reporters.JUnitReportReporter -->
<testsuite hostname="SESHUBABU" name="testcases.TC_001_Login" tests="1" failures="0" timestamp="3 Jun 2023 08:22:32 GMT" time="1.467" errors="0">
  <testcase name="login" time="1.467" classname="testcases.TC_001_Login"/>
</testsuite> <!-- testcases.TC_001_Login -->
