<?xml version="1.0" encoding="UTF-8"?>
<!-- Generated by org.testng.reporters.JUnitReportReporter -->
<testsuite hostname="SESHUBABU" name="com.selenium.testcases.TC_001_Login" tests="1" failures="0" timestamp="11 Jul 2023 12:43:52 GMT" time="1.819" errors="0">
  <testcase name="login" time="1.819" classname="com.selenium.testcases.TC_001_Login"/>
</testsuite> <!-- com.selenium.testcases.TC_001_Login -->
