<?xml version="1.0" encoding="UTF-8"?>
<!-- Generated by org.testng.reporters.JUnitReportReporter -->
<testsuite hostname="DESKTOP-4QRLMTN" failures="0" tests="5" name="com.selenium.testcases.TC_002_LoginDTTTest" time="12.159" errors="0" timestamp="2023-08-31T18:19:34 IST" skipped="0">
  <testcase classname="com.selenium.testcases.TC_002_LoginDTTTest" name="login_DTT" time="1.387">
    <system-out>
      <![CDATA[***TC_001_LoginDTT ***
***created homepageobject ***
***EnterEmailAddress ***
**EnterPassword ***
*** ClickedOnLoginButton ***]]>
    </system-out>
  </testcase> <!-- login_DTT -->
  <testcase classname="com.selenium.testcases.TC_002_LoginDTTTest" name="login_DTT" time="2.791">
    <system-out>
      <![CDATA[***TC_001_LoginDTT ***
***created homepageobject ***
***EnterEmailAddress ***
**EnterPassword ***
*** ClickedOnLoginButton ***
***Accepting the alret message***
***ClearEmailInput***
*** ClearPasswordInput ***]]>
    </system-out>
  </testcase> <!-- login_DTT -->
  <testcase classname="com.selenium.testcases.TC_002_LoginDTTTest" name="login_DTT" time="2.792">
    <system-out>
      <![CDATA[***TC_001_LoginDTT ***
***created homepageobject ***
***EnterEmailAddress ***
**EnterPassword ***
*** ClickedOnLoginButton ***
***Accepting the alret message***
***ClearEmailInput***
*** ClearPasswordInput ***]]>
    </system-out>
  </testcase> <!-- login_DTT -->
  <testcase classname="com.selenium.testcases.TC_002_LoginDTTTest" name="login_DTT" time="2.624">
    <system-out>
      <![CDATA[***TC_001_LoginDTT ***
***created homepageobject ***
***EnterEmailAddress ***
**EnterPassword ***
*** ClickedOnLoginButton ***
***Accepting the alret message***
***ClearEmailInput***
*** ClearPasswordInput ***]]>
    </system-out>
  </testcase> <!-- login_DTT -->
  <testcase classname="com.selenium.testcases.TC_002_LoginDTTTest" name="login_DTT" time="2.565">
    <system-out>
      <![CDATA[***TC_001_LoginDTT ***
***created homepageobject ***
***EnterEmailAddress ***
**EnterPassword ***
*** ClickedOnLoginButton ***
***Accepting the alret message***
***ClearEmailInput***
*** ClearPasswordInput ***]]>
    </system-out>
  </testcase> <!-- login_DTT -->
  <system-out>
    <![CDATA[***TC_001_LoginDTT ***
***created homepageobject ***
***EnterEmailAddress ***
**EnterPassword ***
*** ClickedOnLoginButton ***
***Accepting the alret message***
***ClearEmailInput***
*** ClearPasswordInput ***
***TC_001_LoginDTT ***
***created homepageobject ***
***EnterEmailAddress ***
**EnterPassword ***
*** ClickedOnLoginButton ***
***Accepting the alret message***
***ClearEmailInput***
*** ClearPasswordInput ***
***TC_001_LoginDTT ***
***created homepageobject ***
***EnterEmailAddress ***
**EnterPassword ***
*** ClickedOnLoginButton ***
***Accepting the alret message***
***ClearEmailInput***
*** ClearPasswordInput ***
***TC_001_LoginDTT ***
***created homepageobject ***
***EnterEmailAddress ***
**EnterPassword ***
*** ClickedOnLoginButton ***
***Accepting the alret message***
***ClearEmailInput***
*** ClearPasswordInput ***
***TC_001_LoginDTT ***
***created homepageobject ***
***EnterEmailAddress ***
**EnterPassword ***
*** ClickedOnLoginButton ***]]>
  </system-out>
</testsuite> <!-- com.selenium.testcases.TC_002_LoginDTTTest -->
