<?xml version="1.0" encoding="UTF-8"?>
<!-- Generated by org.testng.reporters.JUnitReportReporter -->
<testsuite hostname="SESHUBABU" name="com.selenium.testcases.TC_001_LoginDTT" tests="5" failures="0" timestamp="12 Jul 2023 07:10:40 GMT" time="206.338" errors="0">
  <testcase name="login_DTT" time="0.015" classname="com.selenium.testcases.TC_001_LoginDTT"/>
  <testcase name="login_DTT" time="24.603" classname="com.selenium.testcases.TC_001_LoginDTT"/>
  <testcase name="login_DTT" time="181.707" classname="com.selenium.testcases.TC_001_LoginDTT"/>
  <testcase name="login_DTT" time="0.006" classname="com.selenium.testcases.TC_001_LoginDTT"/>
  <testcase name="login_DTT" time="0.007" classname="com.selenium.testcases.TC_001_LoginDTT"/>
</testsuite> <!-- com.selenium.testcases.TC_001_LoginDTT -->
