<?xml version="1.0" encoding="UTF-8"?>
<!-- Generated by org.testng.reporters.JUnitReportReporter -->
<testsuite hostname="SESHU" failures="0" tests="10" name="com.selenium.testcases.TC_002_LoginDTTTest" time="57.079" errors="0" timestamp="2024-04-25T14:49:54 IST" skipped="0">
  <testcase classname="com.selenium.testcases.TC_002_LoginDTTTest" name="login_DTT" time="4.447">
    <system-out>
      <![CDATA[***TC_001_LoginDTT ***
***created homepageobject ***
***EnterEmailAddress ***
**EnterPassword ***
*** ClickedOnLoginButton ***]]>
    </system-out>
  </testcase> <!-- login_DTT -->
  <testcase classname="com.selenium.testcases.TC_002_LoginDTTTest" name="login_DTT" time="4.562">
    <system-out>
      <![CDATA[***TC_001_LoginDTT ***
***created homepageobject ***
***EnterEmailAddress ***
**EnterPassword ***
*** ClickedOnLoginButton ***
***Accepting the alret message***
***ClearEmailInput***
*** ClearPasswordInput ***]]>
    </system-out>
  </testcase> <!-- login_DTT -->
  <testcase classname="com.selenium.testcases.TC_002_LoginDTTTest" name="login_DTT" time="3.998">
    <system-out>
      <![CDATA[***TC_001_LoginDTT ***
***created homepageobject ***
***EnterEmailAddress ***
**EnterPassword ***
*** ClickedOnLoginButton ***
***Accepting the alret message***
***ClearEmailInput***
*** ClearPasswordInput ***]]>
    </system-out>
  </testcase> <!-- login_DTT -->
  <testcase classname="com.selenium.testcases.TC_002_LoginDTTTest" name="login_DTT" time="7.578">
    <system-out>
      <![CDATA[***TC_001_LoginDTT ***
***created homepageobject ***
***EnterEmailAddress ***
**EnterPassword ***
*** ClickedOnLoginButton ***
***Accepting the alret message***
***ClearEmailInput***
*** ClearPasswordInput ***]]>
    </system-out>
  </testcase> <!-- login_DTT -->
  <testcase classname="com.selenium.testcases.TC_002_LoginDTTTest" name="login_DTT" time="3.676">
    <system-out>
      <![CDATA[***TC_001_LoginDTT ***
***created homepageobject ***
***EnterEmailAddress ***
**EnterPassword ***
*** ClickedOnLoginButton ***
***Accepting the alret message***
***ClearEmailInput***
*** ClearPasswordInput ***]]>
    </system-out>
  </testcase> <!-- login_DTT -->
  <testcase classname="com.selenium.testcases.TC_002_LoginDTTTest" name="login_DTT" time="6.342">
    <system-out>
      <![CDATA[***TC_001_LoginDTT ***
***created homepageobject ***
***EnterEmailAddress ***
**EnterPassword ***
*** ClickedOnLoginButton ***
***Accepting the alret message***
***ClearEmailInput***
*** ClearPasswordInput ***]]>
    </system-out>
  </testcase> <!-- login_DTT -->
  <testcase classname="com.selenium.testcases.TC_002_LoginDTTTest" name="login_DTT" time="6.510">
    <system-out>
      <![CDATA[***TC_001_LoginDTT ***
***created homepageobject ***
***EnterEmailAddress ***
**EnterPassword ***
*** ClickedOnLoginButton ***
***Accepting the alret message***
***ClearEmailInput***
*** ClearPasswordInput ***]]>
    </system-out>
  </testcase> <!-- login_DTT -->
  <testcase classname="com.selenium.testcases.TC_002_LoginDTTTest" name="login_DTT" time="8.212">
    <system-out>
      <![CDATA[***TC_001_LoginDTT ***
***created homepageobject ***
***EnterEmailAddress ***
**EnterPassword ***
*** ClickedOnLoginButton ***
***Accepting the alret message***
***ClearEmailInput***
*** ClearPasswordInput ***]]>
    </system-out>
  </testcase> <!-- login_DTT -->
  <testcase classname="com.selenium.testcases.TC_002_LoginDTTTest" name="login_DTT" time="6.583">
    <system-out>
      <![CDATA[***TC_001_LoginDTT ***
***created homepageobject ***
***EnterEmailAddress ***
**EnterPassword ***
*** ClickedOnLoginButton ***]]>
    </system-out>
  </testcase> <!-- login_DTT -->
  <testcase classname="com.selenium.testcases.TC_002_LoginDTTTest" name="login_DTT" time="5.171">
    <system-out>
      <![CDATA[***TC_001_LoginDTT ***
***created homepageobject ***
***EnterEmailAddress ***
**EnterPassword ***
*** ClickedOnLoginButton ***
***Accepting the alret message***
***ClearEmailInput***
*** ClearPasswordInput ***]]>
    </system-out>
  </testcase> <!-- login_DTT -->
  <system-out>
    <![CDATA[***TC_001_LoginDTT ***
***created homepageobject ***
***EnterEmailAddress ***
**EnterPassword ***
*** ClickedOnLoginButton ***
***Accepting the alret message***
***ClearEmailInput***
*** ClearPasswordInput ***
***TC_001_LoginDTT ***
***created homepageobject ***
***EnterEmailAddress ***
**EnterPassword ***
*** ClickedOnLoginButton ***
***Accepting the alret message***
***ClearEmailInput***
*** ClearPasswordInput ***
***TC_001_LoginDTT ***
***created homepageobject ***
***EnterEmailAddress ***
**EnterPassword ***
*** ClickedOnLoginButton ***
***Accepting the alret message***
***ClearEmailInput***
*** ClearPasswordInput ***
***TC_001_LoginDTT ***
***created homepageobject ***
***EnterEmailAddress ***
**EnterPassword ***
*** ClickedOnLoginButton ***
***Accepting the alret message***
***ClearEmailInput***
*** ClearPasswordInput ***
***TC_001_LoginDTT ***
***created homepageobject ***
***EnterEmailAddress ***
**EnterPassword ***
*** ClickedOnLoginButton ***
***TC_001_LoginDTT ***
***created homepageobject ***
***EnterEmailAddress ***
**EnterPassword ***
*** ClickedOnLoginButton ***
***Accepting the alret message***
***ClearEmailInput***
*** ClearPasswordInput ***
***TC_001_LoginDTT ***
***created homepageobject ***
***EnterEmailAddress ***
**EnterPassword ***
*** ClickedOnLoginButton ***
***Accepting the alret message***
***ClearEmailInput***
*** ClearPasswordInput ***
***TC_001_LoginDTT ***
***created homepageobject ***
***EnterEmailAddress ***
**EnterPassword ***
*** ClickedOnLoginButton ***
***Accepting the alret message***
***ClearEmailInput***
*** ClearPasswordInput ***
***TC_001_LoginDTT ***
***created homepageobject ***
***EnterEmailAddress ***
**EnterPassword ***
*** ClickedOnLoginButton ***
***Accepting the alret message***
***ClearEmailInput***
*** ClearPasswordInput ***
***TC_001_LoginDTT ***
***created homepageobject ***
***EnterEmailAddress ***
**EnterPassword ***
*** ClickedOnLoginButton ***]]>
  </system-out>
</testsuite> <!-- com.selenium.testcases.TC_002_LoginDTTTest -->
