<?xml version="1.0" encoding="UTF-8"?>
<!-- Generated by org.testng.reporters.JUnitReportReporter -->
<testsuite hostname="DESKTOP-M5HP58L" failures="0" tests="5" name="com.selenium.testcases.TC_002_LoginDTTTest" time="26.039" errors="0" timestamp="2024-02-05T08:08:43 IST" skipped="0">
  <testcase classname="com.selenium.testcases.TC_002_LoginDTTTest" name="login_DTT" time="4.955">
    <system-out>
      <![CDATA[***TC_001_LoginDTT ***
***created homepageobject ***
***EnterEmailAddress ***
**EnterPassword ***
*** ClickedOnLoginButton ***]]>
    </system-out>
  </testcase> <!-- login_DTT -->
  <testcase classname="com.selenium.testcases.TC_002_LoginDTTTest" name="login_DTT" time="6.154">
    <system-out>
      <![CDATA[***TC_001_LoginDTT ***
***created homepageobject ***
***EnterEmailAddress ***
**EnterPassword ***
*** ClickedOnLoginButton ***
***Accepting the alret message***
***ClearEmailInput***
*** ClearPasswordInput ***]]>
    </system-out>
  </testcase> <!-- login_DTT -->
  <testcase classname="com.selenium.testcases.TC_002_LoginDTTTest" name="login_DTT" time="4.293">
    <system-out>
      <![CDATA[***TC_001_LoginDTT ***
***created homepageobject ***
***EnterEmailAddress ***
**EnterPassword ***
*** ClickedOnLoginButton ***
***Accepting the alret message***
***ClearEmailInput***
*** ClearPasswordInput ***]]>
    </system-out>
  </testcase> <!-- login_DTT -->
  <testcase classname="com.selenium.testcases.TC_002_LoginDTTTest" name="login_DTT" time="4.250">
    <system-out>
      <![CDATA[***TC_001_LoginDTT ***
***created homepageobject ***
***EnterEmailAddress ***
**EnterPassword ***
*** ClickedOnLoginButton ***
***Accepting the alret message***
***ClearEmailInput***
*** ClearPasswordInput ***]]>
    </system-out>
  </testcase> <!-- login_DTT -->
  <testcase classname="com.selenium.testcases.TC_002_LoginDTTTest" name="login_DTT" time="6.387">
    <system-out>
      <![CDATA[***TC_001_LoginDTT ***
***created homepageobject ***
***EnterEmailAddress ***
**EnterPassword ***
*** ClickedOnLoginButton ***
***Accepting the alret message***
***ClearEmailInput***
*** ClearPasswordInput ***]]>
    </system-out>
  </testcase> <!-- login_DTT -->
  <system-out>
    <![CDATA[***TC_001_LoginDTT ***
***created homepageobject ***
***EnterEmailAddress ***
**EnterPassword ***
*** ClickedOnLoginButton ***
***Accepting the alret message***
***ClearEmailInput***
*** ClearPasswordInput ***
***TC_001_LoginDTT ***
***created homepageobject ***
***EnterEmailAddress ***
**EnterPassword ***
*** ClickedOnLoginButton ***
***Accepting the alret message***
***ClearEmailInput***
*** ClearPasswordInput ***
***TC_001_LoginDTT ***
***created homepageobject ***
***EnterEmailAddress ***
**EnterPassword ***
*** ClickedOnLoginButton ***
***Accepting the alret message***
***ClearEmailInput***
*** ClearPasswordInput ***
***TC_001_LoginDTT ***
***created homepageobject ***
***EnterEmailAddress ***
**EnterPassword ***
*** ClickedOnLoginButton ***
***Accepting the alret message***
***ClearEmailInput***
*** ClearPasswordInput ***
***TC_001_LoginDTT ***
***created homepageobject ***
***EnterEmailAddress ***
**EnterPassword ***
*** ClickedOnLoginButton ***]]>
  </system-out>
</testsuite> <!-- com.selenium.testcases.TC_002_LoginDTTTest -->
